<?xml version="1.0" encoding="UTF-8"?>
<testsuite xmlns:xsi="http://www.w3.org/2001/XMLSchema-instance" xsi:noNamespaceSchemaLocation="https://maven.apache.org/surefire/maven-surefire-plugin/xsd/surefire-test-report-3.0.xsd" version="3.0" name="com.p2p.lending.unit.LoanFactoryTest" time="0.008" tests="5" errors="0" skipped="0" failures="0">
  <properties>
[...]
</properties>
  <testcase name="shouldCreateConsumerLoan_withEffectiveStrategy" classname="com.p2p.lending.unit.LoanFactoryTest" time="0.0"/>
  <testcase name="shouldThrowException_whenBorrowerNotVerified" classname="com.p2p.lending.unit.LoanFactoryTest" time="0.001"/>
  <testcase name="shouldThrowException_whenAmountIsZero" classname="com.p2p.lending.unit.LoanFactoryTest" time="0.002"/>
  <testcase name="shouldCreateUmkmLoan_withFlatStrategy" classname="com.p2p.lending.unit.LoanFactoryTest" time="0.0"/>
  <testcase name="shouldCreateLoan_usingLoanTypeEnum" classname="com.p2p.lending.unit.LoanFactoryTest" time="0.001"/>
</testsuite>